<?xml version="1.0" encoding="UTF-8"?>
<testsuite xmlns:xsi="http://www.w3.org/2001/XMLSchema-instance" xsi:noNamespaceSchemaLocation="https://maven.apache.org/surefire/maven-surefire-plugin/xsd/surefire-test-report.xsd" version="3.0.2" name="com.sms.service.ValidationServiceTest" time="0.208" tests="20" errors="0" skipped="0" failures="0">
  <properties>
[...]
</properties>
  <testcase name="test01_validStudentId_passes" classname="com.sms.service.ValidationServiceTest" time="0.018"/>
  <testcase name="test16_validPhone_passes" classname="com.sms.service.ValidationServiceTest" time="0.008"/>
  <testcase name="test09_gpaAtMaxBoundary_passes" classname="com.sms.service.ValidationServiceTest" time="0.004"/>
  <testcase name="test05_validFullName_passes" classname="com.sms.service.ValidationServiceTest" time="0.014"/>
  <testcase name="test15_emailMissingAt_fails" classname="com.sms.service.ValidationServiceTest" time="0.008"/>
  <testcase name="test06_nameWithDigits_fails" classname="com.sms.service.ValidationServiceTest" time="0.003"/>
  <testcase name="test03_tooShortStudentId_fails" classname="com.sms.service.ValidationServiceTest" time="0.008"/>
  <testcase name="test11_gpaBelowMin_fails" classname="com.sms.service.ValidationServiceTest" time="0.003"/>
  <testcase name="test12_validLevel_passes" classname="com.sms.service.ValidationServiceTest" time="0.007"/>
  <testcase name="test13_invalidLevel_fails" classname="com.sms.service.ValidationServiceTest" time="0.002"/>
  <testcase name="test08_gpaAtMinBoundary_passes" classname="com.sms.service.ValidationServiceTest" time="0.007"/>
  <testcase name="test19_fullValidStudent_passes" classname="com.sms.service.ValidationServiceTest" time="0.007"/>
  <testcase name="test18_phoneTooShort_fails" classname="com.sms.service.ValidationServiceTest" time="0.004"/>
  <testcase name="test10_gpaAboveMax_fails" classname="com.sms.service.ValidationServiceTest" time="0.003"/>
  <testcase name="test14_validEmail_passes" classname="com.sms.service.ValidationServiceTest" time="0.003"/>
  <testcase name="test17_phoneWithLetters_fails" classname="com.sms.service.ValidationServiceTest" time="0.002"/>
  <testcase name="test04_specialCharsInStudentId_fails" classname="com.sms.service.ValidationServiceTest" time="0.002"/>
  <testcase name="test02_blankStudentId_fails" classname="com.sms.service.ValidationServiceTest" time="0.006"/>
  <testcase name="test20_multipleErrors_allReported" classname="com.sms.service.ValidationServiceTest" time="0.008"/>
  <testcase name="test07_tooShortName_fails" classname="com.sms.service.ValidationServiceTest" time="0.009"/>
</testsuite>